New https://pypi.org/project/ultralytics/8.4.46 available  Update with 'pip install -U ultralytics'
Ultralytics 8.3.155  Python-3.12.7 torch-2.3.1+cu118 CUDA:0 (NVIDIA GeForce RTX 4060 Ti, 8188MiB)
[34m[1mengine\trainer: [0magnostic_nms=False, amp=True, augment=False, auto_augment=randaugment, batch=16, bgr=0.0, box=7.5, cache=False, cfg=None, classes=None, close_mosaic=10, cls=0.5, conf=None, copy_paste=0.0, copy_paste_mode=flip, cos_lr=False, cutmix=0.0, data=C:\Users\Admin\Desktop\Project AdvanceAi\Project_AdvancedAI\Exercise_2\dataset_runtime.yaml, degrees=5.0, deterministic=True, device=0, dfl=1.5, dnn=False, dropout=0.0, dynamic=False, embed=None, epochs=80, erasing=0.4, exist_ok=True, fliplr=0.5, flipud=0.0, format=torchscript, fraction=1.0, freeze=None, half=False, hsv_h=0.015, hsv_s=0.4, hsv_v=0.25, imgsz=640, int8=False, iou=0.7, keras=False, kobj=1.0, line_width=None, lr0=0.01, lrf=0.01, mask_ratio=4, max_det=300, mixup=0.05, mode=train, model=C:\Users\Admin\Desktop\Project AdvanceAi\Project_AdvancedAI\Data\yolov8n.pt, momentum=0.937, mosaic=0.5, multi_scale=False, name=yolov8n_zhandong_v2, nbs=64, nms=False, opset=None, optimize=False, optimizer=auto, overlap_mask=True, patience=15, perspective=0.0, plots=True, pose=12.0, pretrained=True, profile=False, project=C:\Users\Admin\Desktop\Project AdvanceAi\Project_AdvancedAI\Exercise_2\runs\train, rect=False, resume=False, retina_masks=False, save=True, save_conf=False, save_crop=False, save_dir=C:\Users\Admin\Desktop\Project AdvanceAi\Project_AdvancedAI\Exercise_2\runs\train\yolov8n_zhandong_v2, save_frames=False, save_json=False, save_period=-1, save_txt=False, scale=0.35, seed=42, shear=0.0, show=False, show_boxes=True, show_conf=True, show_labels=True, simplify=True, single_cls=False, source=None, split=val, stream_buffer=False, task=detect, time=None, tracker=botsort.yaml, translate=0.08, val=True, verbose=True, vid_stride=1, visualize=False, warmup_bias_lr=0.1, warmup_epochs=3.0, warmup_momentum=0.8, weight_decay=0.0005, workers=8, workspace=None
Overriding model.yaml nc=80 with nc=3

                   from  n    params  module                                       arguments                     
  0                  -1  1       464  ultralytics.nn.modules.conv.Conv             [3, 16, 3, 2]                 
  1                  -1  1      4672  ultralytics.nn.modules.conv.Conv             [16, 32, 3, 2]                
  2                  -1  1      7360  ultralytics.nn.modules.block.C2f             [32, 32, 1, True]             
  3                  -1  1     18560  ultralytics.nn.modules.conv.Conv             [32, 64, 3, 2]                
  4                  -1  2     49664  ultralytics.nn.modules.block.C2f             [64, 64, 2, True]             
  5                  -1  1     73984  ultralytics.nn.modules.conv.Conv             [64, 128, 3, 2]               
  6                  -1  2    197632  ultralytics.nn.modules.block.C2f             [128, 128, 2, True]           
  7                  -1  1    295424  ultralytics.nn.modules.conv.Conv             [128, 256, 3, 2]              
  8                  -1  1    460288  ultralytics.nn.modules.block.C2f             [256, 256, 1, True]           
  9                  -1  1    164608  ultralytics.nn.modules.block.SPPF            [256, 256, 5]                 
 10                  -1  1         0  torch.nn.modules.upsampling.Upsample         [None, 2, 'nearest']          
 11             [-1, 6]  1         0  ultralytics.nn.modules.conv.Concat           [1]                           
 12                  -1  1    148224  ultralytics.nn.modules.block.C2f             [384, 128, 1]                 
 13                  -1  1         0  torch.nn.modules.upsampling.Upsample         [None, 2, 'nearest']          
 14             [-1, 4]  1         0  ultralytics.nn.modules.conv.Concat           [1]                           
 15                  -1  1     37248  ultralytics.nn.modules.block.C2f             [192, 64, 1]                  
 16                  -1  1     36992  ultralytics.nn.modules.conv.Conv             [64, 64, 3, 2]                
 17            [-1, 12]  1         0  ultralytics.nn.modules.conv.Concat           [1]                           
 18                  -1  1    123648  ultralytics.nn.modules.block.C2f             [192, 128, 1]                 
 19                  -1  1    147712  ultralytics.nn.modules.conv.Conv             [128, 128, 3, 2]              
 20             [-1, 9]  1         0  ultralytics.nn.modules.conv.Concat           [1]                           
 21                  -1  1    493056  ultralytics.nn.modules.block.C2f             [384, 256, 1]                 
 22        [15, 18, 21]  1    751897  ultralytics.nn.modules.head.Detect           [3, [64, 128, 256]]           
Model summary: 129 layers, 3,011,433 parameters, 3,011,417 gradients, 8.2 GFLOPs

Transferred 319/355 items from pretrained weights
Freezing layer 'model.22.dfl.conv.weight'
[34m[1mAMP: [0mrunning Automatic Mixed Precision (AMP) checks...
[34m[1mAMP: [0mchecks passed 
[34m[1mtrain: [0mFast image access  (ping: 0.10.0 ms, read: 525.9476.0 MB/s, size: 140.1 KB)
[34m[1mval: [0mFast image access  (ping: 0.10.0 ms, read: 303.89.3 MB/s, size: 144.7 KB)
